<?xml version="1.0" encoding="UTF-8"?>
<testsuite xmlns:xsi="http://www.w3.org/2001/XMLSchema-instance" xsi:noNamespaceSchemaLocation="https://maven.apache.org/surefire/maven-surefire-plugin/xsd/surefire-test-report-3.0.xsd" version="3.0" name="TestSuite" time="121.604" tests="4" errors="0" skipped="0" failures="0">
  <properties>
    <property name="java.specification.version" value="19"/>
    <property name="sun.jnu.encoding" value="UTF-8"/>
    <property name="java.class.path" value="/home/oem/Eclipse_Workspace/CucumberFramework/target/test-classes:/home/oem/Eclipse_Workspace/CucumberFramework/target/classes:/home/oem/.m2/repository/org/seleniumhq/selenium/selenium-java/4.12.0/selenium-java-4.12.0.jar:/home/oem/.m2/repository/org/seleniumhq/selenium/selenium-api/4.12.0/selenium-api-4.12.0.jar:/home/oem/.m2/repository/org/seleniumhq/selenium/selenium-chrome-driver/4.12.0/selenium-chrome-driver-4.12.0.jar:/home/oem/.m2/repository/com/google/auto/service/auto-service-annotations/1.1.1/auto-service-annotations-1.1.1.jar:/home/oem/.m2/repository/com/google/guava/guava/32.1.2-jre/guava-32.1.2-jre.jar:/home/oem/.m2/repository/com/google/guava/failureaccess/1.0.1/failureaccess-1.0.1.jar:/home/oem/.m2/repository/com/google/guava/listenablefuture/9999.0-empty-to-avoid-conflict-with-guava/listenablefuture-9999.0-empty-to-avoid-conflict-with-guava.jar:/home/oem/.m2/repository/com/google/code/findbugs/jsr305/3.0.2/jsr305-3.0.2.jar:/home/oem/.m2/repository/org/checkerframework/checker-qual/3.33.0/checker-qual-3.33.0.jar:/home/oem/.m2/repository/com/google/errorprone/error_prone_annotations/2.18.0/error_prone_annotations-2.18.0.jar:/home/oem/.m2/repository/com/google/j2objc/j2objc-annotations/2.8/j2objc-annotations-2.8.jar:/home/oem/.m2/repository/org/seleniumhq/selenium/selenium-chromium-driver/4.12.0/selenium-chromium-driver-4.12.0.jar:/home/oem/.m2/repository/org/seleniumhq/selenium/selenium-json/4.12.0/selenium-json-4.12.0.jar:/home/oem/.m2/repository/org/seleniumhq/selenium/selenium-manager/4.12.0/selenium-manager-4.12.0.jar:/home/oem/.m2/repository/org/seleniumhq/selenium/selenium-devtools-v114/4.12.0/selenium-devtools-v114-4.12.0.jar:/home/oem/.m2/repository/org/seleniumhq/selenium/selenium-devtools-v115/4.12.0/selenium-devtools-v115-4.12.0.jar:/home/oem/.m2/repository/org/seleniumhq/selenium/selenium-devtools-v116/4.12.0/selenium-devtools-v116-4.12.0.jar:/home/oem/.m2/repository/org/seleniumhq/selenium/selenium-devtools-v85/4.12.0/selenium-devtools-v85-4.12.0.jar:/home/oem/.m2/repository/org/seleniumhq/selenium/selenium-edge-driver/4.12.0/selenium-edge-driver-4.12.0.jar:/home/oem/.m2/repository/org/seleniumhq/selenium/selenium-firefox-driver/4.12.0/selenium-firefox-driver-4.12.0.jar:/home/oem/.m2/repository/org/seleniumhq/selenium/selenium-http/4.12.0/selenium-http-4.12.0.jar:/home/oem/.m2/repository/dev/failsafe/failsafe/3.3.2/failsafe-3.3.2.jar:/home/oem/.m2/repository/org/seleniumhq/selenium/selenium-ie-driver/4.12.0/selenium-ie-driver-4.12.0.jar:/home/oem/.m2/repository/org/seleniumhq/selenium/selenium-remote-driver/4.12.0/selenium-remote-driver-4.12.0.jar:/home/oem/.m2/repository/io/netty/netty-buffer/4.1.96.Final/netty-buffer-4.1.96.Final.jar:/home/oem/.m2/repository/io/netty/netty-codec-http/4.1.96.Final/netty-codec-http-4.1.96.Final.jar:/home/oem/.m2/repository/io/netty/netty-codec/4.1.96.Final/netty-codec-4.1.96.Final.jar:/home/oem/.m2/repository/io/netty/netty-handler/4.1.96.Final/netty-handler-4.1.96.Final.jar:/home/oem/.m2/repository/io/netty/netty-common/4.1.96.Final/netty-common-4.1.96.Final.jar:/home/oem/.m2/repository/io/netty/netty-transport-classes-epoll/4.1.96.Final/netty-transport-classes-epoll-4.1.96.Final.jar:/home/oem/.m2/repository/io/netty/netty-transport-classes-kqueue/4.1.96.Final/netty-transport-classes-kqueue-4.1.96.Final.jar:/home/oem/.m2/repository/io/netty/netty-transport-native-epoll/4.1.96.Final/netty-transport-native-epoll-4.1.96.Final.jar:/home/oem/.m2/repository/io/netty/netty-transport-native-kqueue/4.1.96.Final/netty-transport-native-kqueue-4.1.96.Final.jar:/home/oem/.m2/repository/io/netty/netty-transport-native-unix-common/4.1.96.Final/netty-transport-native-unix-common-4.1.96.Final.jar:/home/oem/.m2/repository/io/netty/netty-transport/4.1.96.Final/netty-transport-4.1.96.Final.jar:/home/oem/.m2/repository/io/netty/netty-resolver/4.1.96.Final/netty-resolver-4.1.96.Final.jar:/home/oem/.m2/repository/io/opentelemetry/opentelemetry-api/1.28.0/opentelemetry-api-1.28.0.jar:/home/oem/.m2/repository/io/opentelemetry/opentelemetry-context/1.28.0/opentelemetry-context-1.28.0.jar:/home/oem/.m2/repository/io/opentelemetry/opentelemetry-exporter-logging/1.28.0/opentelemetry-exporter-logging-1.28.0.jar:/home/oem/.m2/repository/io/opentelemetry/opentelemetry-sdk-metrics/1.28.0/opentelemetry-sdk-metrics-1.28.0.jar:/home/oem/.m2/repository/io/opentelemetry/opentelemetry-extension-incubator/1.28.0-alpha/opentelemetry-extension-incubator-1.28.0-alpha.jar:/home/oem/.m2/repository/io/opentelemetry/opentelemetry-sdk-logs/1.28.0/opentelemetry-sdk-logs-1.28.0.jar:/home/oem/.m2/repository/io/opentelemetry/opentelemetry-sdk-common/1.28.0/opentelemetry-sdk-common-1.28.0.jar:/home/oem/.m2/repository/io/opentelemetry/opentelemetry-sdk-extension-autoconfigure-spi/1.28.0/opentelemetry-sdk-extension-autoconfigure-spi-1.28.0.jar:/home/oem/.m2/repository/io/opentelemetry/opentelemetry-sdk-extension-autoconfigure/1.28.0/opentelemetry-sdk-extension-autoconfigure-1.28.0.jar:/home/oem/.m2/repository/io/opentelemetry/opentelemetry-api-events/1.28.0-alpha/opentelemetry-api-events-1.28.0-alpha.jar:/home/oem/.m2/repository/io/opentelemetry/opentelemetry-sdk-trace/1.28.0/opentelemetry-sdk-trace-1.28.0.jar:/home/oem/.m2/repository/io/opentelemetry/opentelemetry-sdk/1.28.0/opentelemetry-sdk-1.28.0.jar:/home/oem/.m2/repository/io/opentelemetry/opentelemetry-semconv/1.28.0-alpha/opentelemetry-semconv-1.28.0-alpha.jar:/home/oem/.m2/repository/net/bytebuddy/byte-buddy/1.14.5/byte-buddy-1.14.5.jar:/home/oem/.m2/repository/org/asynchttpclient/async-http-client/2.12.3/async-http-client-2.12.3.jar:/home/oem/.m2/repository/org/asynchttpclient/async-http-client-netty-utils/2.12.3/async-http-client-netty-utils-2.12.3.jar:/home/oem/.m2/repository/io/netty/netty-codec-socks/4.1.60.Final/netty-codec-socks-4.1.60.Final.jar:/home/oem/.m2/repository/io/netty/netty-handler-proxy/4.1.60.Final/netty-handler-proxy-4.1.60.Final.jar:/home/oem/.m2/repository/io/netty/netty-transport-native-epoll/4.1.60.Final/netty-transport-native-epoll-4.1.60.Final-linux-x86_64.jar:/home/oem/.m2/repository/io/netty/netty-transport-native-kqueue/4.1.60.Final/netty-transport-native-kqueue-4.1.60.Final-osx-x86_64.jar:/home/oem/.m2/repository/org/reactivestreams/reactive-streams/1.0.3/reactive-streams-1.0.3.jar:/home/oem/.m2/repository/com/typesafe/netty/netty-reactive-streams/2.0.4/netty-reactive-streams-2.0.4.jar:/home/oem/.m2/repository/org/slf4j/slf4j-api/1.7.30/slf4j-api-1.7.30.jar:/home/oem/.m2/repository/com/sun/activation/jakarta.activation/1.2.2/jakarta.activation-1.2.2.jar:/home/oem/.m2/repository/org/seleniumhq/selenium/selenium-os/4.12.0/selenium-os-4.12.0.jar:/home/oem/.m2/repository/org/apache/commons/commons-exec/1.3/commons-exec-1.3.jar:/home/oem/.m2/repository/org/seleniumhq/selenium/selenium-safari-driver/4.12.0/selenium-safari-driver-4.12.0.jar:/home/oem/.m2/repository/org/seleniumhq/selenium/selenium-support/4.12.0/selenium-support-4.12.0.jar:/home/oem/.m2/repository/org/testng/testng/7.4.0/testng-7.4.0.jar:/home/oem/.m2/repository/com/beust/jcommander/1.78/jcommander-1.78.jar:/home/oem/.m2/repository/org/webjars/jquery/3.5.1/jquery-3.5.1.jar:/home/oem/.m2/repository/org/apache/poi/poi/4.1.2/poi-4.1.2.jar:/home/oem/.m2/repository/commons-codec/commons-codec/1.13/commons-codec-1.13.jar:/home/oem/.m2/repository/org/apache/commons/commons-collections4/4.4/commons-collections4-4.4.jar:/home/oem/.m2/repository/org/apache/commons/commons-math3/3.6.1/commons-math3-3.6.1.jar:/home/oem/.m2/repository/com/zaxxer/SparseBitSet/1.2/SparseBitSet-1.2.jar:/home/oem/.m2/repository/org/apache/poi/poi-ooxml-schemas/4.1.2/poi-ooxml-schemas-4.1.2.jar:/home/oem/.m2/repository/org/apache/xmlbeans/xmlbeans/3.1.0/xmlbeans-3.1.0.jar:/home/oem/.m2/repository/com/aventstack/extentreports/3.1.5/extentreports-3.1.5.jar:/home/oem/.m2/repository/org/freemarker/freemarker/2.3.23/freemarker-2.3.23.jar:/home/oem/.m2/repository/org/mongodb/mongodb-driver/3.3.0/mongodb-driver-3.3.0.jar:/home/oem/.m2/repository/org/mongodb/bson/3.3.0/bson-3.3.0.jar:/home/oem/.m2/repository/org/mongodb/mongodb-driver-core/3.3.0/mongodb-driver-core-3.3.0.jar:/home/oem/.m2/repository/org/apache/httpcomponents/httpclient/4.5.2/httpclient-4.5.2.jar:/home/oem/.m2/repository/org/apache/httpcomponents/httpcore/4.4.4/httpcore-4.4.4.jar:/home/oem/.m2/repository/commons-logging/commons-logging/1.2/commons-logging-1.2.jar:/home/oem/.m2/repository/org/apache/httpcomponents/httpmime/4.5.2/httpmime-4.5.2.jar:/home/oem/.m2/repository/org/jsoup/jsoup/1.9.2/jsoup-1.9.2.jar:/home/oem/.m2/repository/com/google/code/gson/gson/2.8.0/gson-2.8.0.jar:/home/oem/.m2/repository/io/cucumber/cucumber-testng/7.0.0/cucumber-testng-7.0.0.jar:/home/oem/.m2/repository/org/apiguardian/apiguardian-api/1.1.2/apiguardian-api-1.1.2.jar:/home/oem/.m2/repository/io/cucumber/cucumber-core/7.0.0/cucumber-core-7.0.0.jar:/home/oem/.m2/repository/io/cucumber/cucumber-gherkin/7.0.0/cucumber-gherkin-7.0.0.jar:/home/oem/.m2/repository/io/cucumber/cucumber-gherkin-messages/7.0.0/cucumber-gherkin-messages-7.0.0.jar:/home/oem/.m2/repository/io/cucumber/messages/17.1.1/messages-17.1.1.jar:/home/oem/.m2/repository/io/cucumber/tag-expressions/4.0.2/tag-expressions-4.0.2.jar:/home/oem/.m2/repository/io/cucumber/cucumber-expressions/13.0.1/cucumber-expressions-13.0.1.jar:/home/oem/.m2/repository/io/cucumber/datatable/7.0.0/datatable-7.0.0.jar:/home/oem/.m2/repository/io/cucumber/cucumber-plugin/7.0.0/cucumber-plugin-7.0.0.jar:/home/oem/.m2/repository/io/cucumber/docstring/7.0.0/docstring-7.0.0.jar:/home/oem/.m2/repository/io/cucumber/html-formatter/17.0.0/html-formatter-17.0.0.jar:/home/oem/.m2/repository/io/cucumber/create-meta/6.0.1/create-meta-6.0.1.jar:/home/oem/.m2/repository/io/cucumber/cucumber-java/7.0.0/cucumber-java-7.0.0.jar:/home/oem/.m2/repository/commons-io/commons-io/2.11.0/commons-io-2.11.0.jar:/home/oem/.m2/repository/io/cucumber/cucumber-junit/7.10.0/cucumber-junit-7.10.0.jar:/home/oem/.m2/repository/junit/junit/4.13.2/junit-4.13.2.jar:/home/oem/.m2/repository/org/hamcrest/hamcrest-core/1.3/hamcrest-core-1.3.jar:/home/oem/.m2/repository/com/github/miachm/sods/SODS/1.3.0/SODS-1.3.0.jar:/home/oem/.m2/repository/com/googlecode/json-simple/json-simple/1.1.1/json-simple-1.1.1.jar:/home/oem/.m2/repository/com/mysql/mysql-connector-j/8.0.33/mysql-connector-j-8.0.33.jar:/home/oem/.m2/repository/com/google/protobuf/protobuf-java/3.21.9/protobuf-java-3.21.9.jar:/home/oem/.m2/repository/com/opencsv/opencsv/3.3/opencsv-3.3.jar:/home/oem/.m2/repository/org/apache/commons/commons-lang3/3.3.2/commons-lang3-3.3.2.jar:"/>
    <property name="java.vm.vendor" value="Private Build"/>
    <property name="sun.arch.data.model" value="64"/>
    <property name="java.vendor.url" value="Unknown"/>
    <property name="user.timezone" value="Asia/Kolkata"/>
    <property name="os.name" value="Linux"/>
    <property name="java.vm.specification.version" value="19"/>
    <property name="sun.java.launcher" value="SUN_STANDARD"/>
    <property name="user.country" value="IN"/>
    <property name="sun.boot.library.path" value="/usr/lib/jvm/java-19-openjdk-amd64/lib"/>
    <property name="sun.java.command" value="/home/oem/Eclipse_Workspace/CucumberFramework/target/surefire/surefirebooter-20231213133445426_3.jar /home/oem/Eclipse_Workspace/CucumberFramework/target/surefire 2023-12-13T13-34-45_243-jvmRun1 surefire-20231213133445426_1tmp surefire_0-20231213133445426_2tmp"/>
    <property name="jdk.debug" value="release"/>
    <property name="surefire.test.class.path" value="/home/oem/Eclipse_Workspace/CucumberFramework/target/test-classes:/home/oem/Eclipse_Workspace/CucumberFramework/target/classes:/home/oem/.m2/repository/org/seleniumhq/selenium/selenium-java/4.12.0/selenium-java-4.12.0.jar:/home/oem/.m2/repository/org/seleniumhq/selenium/selenium-api/4.12.0/selenium-api-4.12.0.jar:/home/oem/.m2/repository/org/seleniumhq/selenium/selenium-chrome-driver/4.12.0/selenium-chrome-driver-4.12.0.jar:/home/oem/.m2/repository/com/google/auto/service/auto-service-annotations/1.1.1/auto-service-annotations-1.1.1.jar:/home/oem/.m2/repository/com/google/guava/guava/32.1.2-jre/guava-32.1.2-jre.jar:/home/oem/.m2/repository/com/google/guava/failureaccess/1.0.1/failureaccess-1.0.1.jar:/home/oem/.m2/repository/com/google/guava/listenablefuture/9999.0-empty-to-avoid-conflict-with-guava/listenablefuture-9999.0-empty-to-avoid-conflict-with-guava.jar:/home/oem/.m2/repository/com/google/code/findbugs/jsr305/3.0.2/jsr305-3.0.2.jar:/home/oem/.m2/repository/org/checkerframework/checker-qual/3.33.0/checker-qual-3.33.0.jar:/home/oem/.m2/repository/com/google/errorprone/error_prone_annotations/2.18.0/error_prone_annotations-2.18.0.jar:/home/oem/.m2/repository/com/google/j2objc/j2objc-annotations/2.8/j2objc-annotations-2.8.jar:/home/oem/.m2/repository/org/seleniumhq/selenium/selenium-chromium-driver/4.12.0/selenium-chromium-driver-4.12.0.jar:/home/oem/.m2/repository/org/seleniumhq/selenium/selenium-json/4.12.0/selenium-json-4.12.0.jar:/home/oem/.m2/repository/org/seleniumhq/selenium/selenium-manager/4.12.0/selenium-manager-4.12.0.jar:/home/oem/.m2/repository/org/seleniumhq/selenium/selenium-devtools-v114/4.12.0/selenium-devtools-v114-4.12.0.jar:/home/oem/.m2/repository/org/seleniumhq/selenium/selenium-devtools-v115/4.12.0/selenium-devtools-v115-4.12.0.jar:/home/oem/.m2/repository/org/seleniumhq/selenium/selenium-devtools-v116/4.12.0/selenium-devtools-v116-4.12.0.jar:/home/oem/.m2/repository/org/seleniumhq/selenium/selenium-devtools-v85/4.12.0/selenium-devtools-v85-4.12.0.jar:/home/oem/.m2/repository/org/seleniumhq/selenium/selenium-edge-driver/4.12.0/selenium-edge-driver-4.12.0.jar:/home/oem/.m2/repository/org/seleniumhq/selenium/selenium-firefox-driver/4.12.0/selenium-firefox-driver-4.12.0.jar:/home/oem/.m2/repository/org/seleniumhq/selenium/selenium-http/4.12.0/selenium-http-4.12.0.jar:/home/oem/.m2/repository/dev/failsafe/failsafe/3.3.2/failsafe-3.3.2.jar:/home/oem/.m2/repository/org/seleniumhq/selenium/selenium-ie-driver/4.12.0/selenium-ie-driver-4.12.0.jar:/home/oem/.m2/repository/org/seleniumhq/selenium/selenium-remote-driver/4.12.0/selenium-remote-driver-4.12.0.jar:/home/oem/.m2/repository/io/netty/netty-buffer/4.1.96.Final/netty-buffer-4.1.96.Final.jar:/home/oem/.m2/repository/io/netty/netty-codec-http/4.1.96.Final/netty-codec-http-4.1.96.Final.jar:/home/oem/.m2/repository/io/netty/netty-codec/4.1.96.Final/netty-codec-4.1.96.Final.jar:/home/oem/.m2/repository/io/netty/netty-handler/4.1.96.Final/netty-handler-4.1.96.Final.jar:/home/oem/.m2/repository/io/netty/netty-common/4.1.96.Final/netty-common-4.1.96.Final.jar:/home/oem/.m2/repository/io/netty/netty-transport-classes-epoll/4.1.96.Final/netty-transport-classes-epoll-4.1.96.Final.jar:/home/oem/.m2/repository/io/netty/netty-transport-classes-kqueue/4.1.96.Final/netty-transport-classes-kqueue-4.1.96.Final.jar:/home/oem/.m2/repository/io/netty/netty-transport-native-epoll/4.1.96.Final/netty-transport-native-epoll-4.1.96.Final.jar:/home/oem/.m2/repository/io/netty/netty-transport-native-kqueue/4.1.96.Final/netty-transport-native-kqueue-4.1.96.Final.jar:/home/oem/.m2/repository/io/netty/netty-transport-native-unix-common/4.1.96.Final/netty-transport-native-unix-common-4.1.96.Final.jar:/home/oem/.m2/repository/io/netty/netty-transport/4.1.96.Final/netty-transport-4.1.96.Final.jar:/home/oem/.m2/repository/io/netty/netty-resolver/4.1.96.Final/netty-resolver-4.1.96.Final.jar:/home/oem/.m2/repository/io/opentelemetry/opentelemetry-api/1.28.0/opentelemetry-api-1.28.0.jar:/home/oem/.m2/repository/io/opentelemetry/opentelemetry-context/1.28.0/opentelemetry-context-1.28.0.jar:/home/oem/.m2/repository/io/opentelemetry/opentelemetry-exporter-logging/1.28.0/opentelemetry-exporter-logging-1.28.0.jar:/home/oem/.m2/repository/io/opentelemetry/opentelemetry-sdk-metrics/1.28.0/opentelemetry-sdk-metrics-1.28.0.jar:/home/oem/.m2/repository/io/opentelemetry/opentelemetry-extension-incubator/1.28.0-alpha/opentelemetry-extension-incubator-1.28.0-alpha.jar:/home/oem/.m2/repository/io/opentelemetry/opentelemetry-sdk-logs/1.28.0/opentelemetry-sdk-logs-1.28.0.jar:/home/oem/.m2/repository/io/opentelemetry/opentelemetry-sdk-common/1.28.0/opentelemetry-sdk-common-1.28.0.jar:/home/oem/.m2/repository/io/opentelemetry/opentelemetry-sdk-extension-autoconfigure-spi/1.28.0/opentelemetry-sdk-extension-autoconfigure-spi-1.28.0.jar:/home/oem/.m2/repository/io/opentelemetry/opentelemetry-sdk-extension-autoconfigure/1.28.0/opentelemetry-sdk-extension-autoconfigure-1.28.0.jar:/home/oem/.m2/repository/io/opentelemetry/opentelemetry-api-events/1.28.0-alpha/opentelemetry-api-events-1.28.0-alpha.jar:/home/oem/.m2/repository/io/opentelemetry/opentelemetry-sdk-trace/1.28.0/opentelemetry-sdk-trace-1.28.0.jar:/home/oem/.m2/repository/io/opentelemetry/opentelemetry-sdk/1.28.0/opentelemetry-sdk-1.28.0.jar:/home/oem/.m2/repository/io/opentelemetry/opentelemetry-semconv/1.28.0-alpha/opentelemetry-semconv-1.28.0-alpha.jar:/home/oem/.m2/repository/net/bytebuddy/byte-buddy/1.14.5/byte-buddy-1.14.5.jar:/home/oem/.m2/repository/org/asynchttpclient/async-http-client/2.12.3/async-http-client-2.12.3.jar:/home/oem/.m2/repository/org/asynchttpclient/async-http-client-netty-utils/2.12.3/async-http-client-netty-utils-2.12.3.jar:/home/oem/.m2/repository/io/netty/netty-codec-socks/4.1.60.Final/netty-codec-socks-4.1.60.Final.jar:/home/oem/.m2/repository/io/netty/netty-handler-proxy/4.1.60.Final/netty-handler-proxy-4.1.60.Final.jar:/home/oem/.m2/repository/io/netty/netty-transport-native-epoll/4.1.60.Final/netty-transport-native-epoll-4.1.60.Final-linux-x86_64.jar:/home/oem/.m2/repository/io/netty/netty-transport-native-kqueue/4.1.60.Final/netty-transport-native-kqueue-4.1.60.Final-osx-x86_64.jar:/home/oem/.m2/repository/org/reactivestreams/reactive-streams/1.0.3/reactive-streams-1.0.3.jar:/home/oem/.m2/repository/com/typesafe/netty/netty-reactive-streams/2.0.4/netty-reactive-streams-2.0.4.jar:/home/oem/.m2/repository/org/slf4j/slf4j-api/1.7.30/slf4j-api-1.7.30.jar:/home/oem/.m2/repository/com/sun/activation/jakarta.activation/1.2.2/jakarta.activation-1.2.2.jar:/home/oem/.m2/repository/org/seleniumhq/selenium/selenium-os/4.12.0/selenium-os-4.12.0.jar:/home/oem/.m2/repository/org/apache/commons/commons-exec/1.3/commons-exec-1.3.jar:/home/oem/.m2/repository/org/seleniumhq/selenium/selenium-safari-driver/4.12.0/selenium-safari-driver-4.12.0.jar:/home/oem/.m2/repository/org/seleniumhq/selenium/selenium-support/4.12.0/selenium-support-4.12.0.jar:/home/oem/.m2/repository/org/testng/testng/7.4.0/testng-7.4.0.jar:/home/oem/.m2/repository/com/beust/jcommander/1.78/jcommander-1.78.jar:/home/oem/.m2/repository/org/webjars/jquery/3.5.1/jquery-3.5.1.jar:/home/oem/.m2/repository/org/apache/poi/poi/4.1.2/poi-4.1.2.jar:/home/oem/.m2/repository/commons-codec/commons-codec/1.13/commons-codec-1.13.jar:/home/oem/.m2/repository/org/apache/commons/commons-collections4/4.4/commons-collections4-4.4.jar:/home/oem/.m2/repository/org/apache/commons/commons-math3/3.6.1/commons-math3-3.6.1.jar:/home/oem/.m2/repository/com/zaxxer/SparseBitSet/1.2/SparseBitSet-1.2.jar:/home/oem/.m2/repository/org/apache/poi/poi-ooxml-schemas/4.1.2/poi-ooxml-schemas-4.1.2.jar:/home/oem/.m2/repository/org/apache/xmlbeans/xmlbeans/3.1.0/xmlbeans-3.1.0.jar:/home/oem/.m2/repository/com/aventstack/extentreports/3.1.5/extentreports-3.1.5.jar:/home/oem/.m2/repository/org/freemarker/freemarker/2.3.23/freemarker-2.3.23.jar:/home/oem/.m2/repository/org/mongodb/mongodb-driver/3.3.0/mongodb-driver-3.3.0.jar:/home/oem/.m2/repository/org/mongodb/bson/3.3.0/bson-3.3.0.jar:/home/oem/.m2/repository/org/mongodb/mongodb-driver-core/3.3.0/mongodb-driver-core-3.3.0.jar:/home/oem/.m2/repository/org/apache/httpcomponents/httpclient/4.5.2/httpclient-4.5.2.jar:/home/oem/.m2/repository/org/apache/httpcomponents/httpcore/4.4.4/httpcore-4.4.4.jar:/home/oem/.m2/repository/commons-logging/commons-logging/1.2/commons-logging-1.2.jar:/home/oem/.m2/repository/org/apache/httpcomponents/httpmime/4.5.2/httpmime-4.5.2.jar:/home/oem/.m2/repository/org/jsoup/jsoup/1.9.2/jsoup-1.9.2.jar:/home/oem/.m2/repository/com/google/code/gson/gson/2.8.0/gson-2.8.0.jar:/home/oem/.m2/repository/io/cucumber/cucumber-testng/7.0.0/cucumber-testng-7.0.0.jar:/home/oem/.m2/repository/org/apiguardian/apiguardian-api/1.1.2/apiguardian-api-1.1.2.jar:/home/oem/.m2/repository/io/cucumber/cucumber-core/7.0.0/cucumber-core-7.0.0.jar:/home/oem/.m2/repository/io/cucumber/cucumber-gherkin/7.0.0/cucumber-gherkin-7.0.0.jar:/home/oem/.m2/repository/io/cucumber/cucumber-gherkin-messages/7.0.0/cucumber-gherkin-messages-7.0.0.jar:/home/oem/.m2/repository/io/cucumber/messages/17.1.1/messages-17.1.1.jar:/home/oem/.m2/repository/io/cucumber/tag-expressions/4.0.2/tag-expressions-4.0.2.jar:/home/oem/.m2/repository/io/cucumber/cucumber-expressions/13.0.1/cucumber-expressions-13.0.1.jar:/home/oem/.m2/repository/io/cucumber/datatable/7.0.0/datatable-7.0.0.jar:/home/oem/.m2/repository/io/cucumber/cucumber-plugin/7.0.0/cucumber-plugin-7.0.0.jar:/home/oem/.m2/repository/io/cucumber/docstring/7.0.0/docstring-7.0.0.jar:/home/oem/.m2/repository/io/cucumber/html-formatter/17.0.0/html-formatter-17.0.0.jar:/home/oem/.m2/repository/io/cucumber/create-meta/6.0.1/create-meta-6.0.1.jar:/home/oem/.m2/repository/io/cucumber/cucumber-java/7.0.0/cucumber-java-7.0.0.jar:/home/oem/.m2/repository/commons-io/commons-io/2.11.0/commons-io-2.11.0.jar:/home/oem/.m2/repository/io/cucumber/cucumber-junit/7.10.0/cucumber-junit-7.10.0.jar:/home/oem/.m2/repository/junit/junit/4.13.2/junit-4.13.2.jar:/home/oem/.m2/repository/org/hamcrest/hamcrest-core/1.3/hamcrest-core-1.3.jar:/home/oem/.m2/repository/com/github/miachm/sods/SODS/1.3.0/SODS-1.3.0.jar:/home/oem/.m2/repository/com/googlecode/json-simple/json-simple/1.1.1/json-simple-1.1.1.jar:/home/oem/.m2/repository/com/mysql/mysql-connector-j/8.0.33/mysql-connector-j-8.0.33.jar:/home/oem/.m2/repository/com/google/protobuf/protobuf-java/3.21.9/protobuf-java-3.21.9.jar:/home/oem/.m2/repository/com/opencsv/opencsv/3.3/opencsv-3.3.jar:/home/oem/.m2/repository/org/apache/commons/commons-lang3/3.3.2/commons-lang3-3.3.2.jar:"/>
    <property name="sun.cpu.endian" value="little"/>
    <property name="user.home" value="/home/oem"/>
    <property name="user.language" value="en"/>
    <property name="java.specification.vendor" value="Oracle Corporation"/>
    <property name="java.version.date" value="2023-01-17"/>
    <property name="java.home" value="/usr/lib/jvm/java-19-openjdk-amd64"/>
    <property name="file.separator" value="/"/>
    <property name="basedir" value="/home/oem/Eclipse_Workspace/CucumberFramework"/>
    <property name="java.vm.compressedOopsMode" value="32-bit"/>
    <property name="line.separator" value="&#10;"/>
    <property name="java.specification.name" value="Java Platform API Specification"/>
    <property name="java.vm.specification.vendor" value="Oracle Corporation"/>
    <property name="surefire.real.class.path" value="/home/oem/Eclipse_Workspace/CucumberFramework/target/surefire/surefirebooter-20231213133445426_3.jar"/>
    <property name="sun.management.compiler" value="HotSpot 64-Bit Tiered Compilers"/>
    <property name="java.runtime.version" value="19.0.2+7-Ubuntu-0ubuntu322.04"/>
    <property name="user.name" value="oem"/>
    <property name="stdout.encoding" value="UTF-8"/>
    <property name="path.separator" value=":"/>
    <property name="testng.xml" value="testng-actual.xml"/>
    <property name="os.version" value="5.15.0-87-generic"/>
    <property name="java.runtime.name" value="OpenJDK Runtime Environment"/>
    <property name="file.encoding" value="UTF-8"/>
    <property name="java.vm.name" value="OpenJDK 64-Bit Server VM"/>
    <property name="localRepository" value="/home/oem/.m2/repository"/>
    <property name="java.vendor.url.bug" value="Unknown"/>
    <property name="java.io.tmpdir" value="/tmp"/>
    <property name="java.version" value="19.0.2"/>
    <property name="user.dir" value="/home/oem/Eclipse_Workspace/CucumberFramework"/>
    <property name="os.arch" value="amd64"/>
    <property name="java.vm.specification.name" value="Java Virtual Machine Specification"/>
    <property name="native.encoding" value="UTF-8"/>
    <property name="java.library.path" value="/usr/java/packages/lib:/usr/lib/x86_64-linux-gnu/jni:/lib/x86_64-linux-gnu:/usr/lib/x86_64-linux-gnu:/usr/lib/jni:/lib:/usr/lib"/>
    <property name="java.vm.info" value="mixed mode, sharing"/>
    <property name="stderr.encoding" value="UTF-8"/>
    <property name="java.vendor" value="Private Build"/>
    <property name="java.vm.version" value="19.0.2+7-Ubuntu-0ubuntu322.04"/>
    <property name="sun.io.unicode.encoding" value="UnicodeLittle"/>
    <property name="java.class.version" value="63.0"/>
  </properties>
  <testcase name="runCreateLead[{password=crmsfa, firstname=Hari, companyname=Testleaf, username=Demosalesmanager, lastname=R}](1)" classname="testcases.Create_Lead_01" time="38.77">
    <system-out><![CDATA[{password=crmsfa, firstname=Hari, companyname=Testleaf, username=Demosalesmanager, lastname=R}
{password=crmsfa, firstname=Aravind, companyname=Queagle, username=DemoCSR, lastname=R}
{password=crmsfa, firstname=Hari, companyname=Testleaf, username=Demosalesmanager, lastname=R}
Demosalesmanager
crmsfa
com.aventstack.extentreports.ExtentTest@6a9b0a6f
com.aventstack.extentreports.ExtentTest@6a9b0a6f
com.aventstack.extentreports.ExtentTest@6a9b0a6f
null
]]></system-out>
    <system-err><![CDATA[Dec 13, 2023 1:34:47 PM io.cucumber.core.runtime.FeaturePathFeatureSupplier get
WARNING: No features found at classpath:/testcases
Dec 13, 2023 1:34:47 PM org.openqa.selenium.manager.SeleniumManager lambda$runCommand$1
INFO: Driver path: /home/oem/.cache/selenium/chromedriver/linux64/120.0.6099.71/chromedriver
Dec 13, 2023 1:34:47 PM org.openqa.selenium.manager.SeleniumManager lambda$runCommand$1
INFO: Browser path: /home/oem/.cache/selenium/chrome/linux64/120.0.6099.71/chrome
SLF4J: Failed to load class "org.slf4j.impl.StaticLoggerBinder".
SLF4J: Defaulting to no-operation (NOP) logger implementation
SLF4J: See http://www.slf4j.org/codes.html#StaticLoggerBinder for further details.
Dec 13, 2023 1:34:50 PM org.openqa.selenium.devtools.CdpVersionFinder findNearestMatch
WARNING: Unable to find an exact match for CDP version 120, so returning the closest version found: 116
]]></system-err>
  </testcase>
  <testcase name="runCreateLead[{password=crmsfa, firstname=Aravind, companyname=Queagle, username=DemoCSR, lastname=R}](2)" classname="testcases.Create_Lead_01" time="46.881">
    <system-out><![CDATA[{password=crmsfa, firstname=Aravind, companyname=Queagle, username=DemoCSR, lastname=R}
DemoCSR
crmsfa
com.aventstack.extentreports.ExtentTest@6a9b0a6f
com.aventstack.extentreports.ExtentTest@6a9b0a6f
com.aventstack.extentreports.ExtentTest@6a9b0a6f
null
]]></system-out>
    <system-err><![CDATA[Dec 13, 2023 1:35:34 PM org.openqa.selenium.manager.SeleniumManager lambda$runCommand$1
INFO: Driver path: /home/oem/.cache/selenium/chromedriver/linux64/120.0.6099.71/chromedriver
Dec 13, 2023 1:35:34 PM org.openqa.selenium.manager.SeleniumManager lambda$runCommand$1
INFO: Browser path: /home/oem/.cache/selenium/chrome/linux64/120.0.6099.71/chrome
Dec 13, 2023 1:35:36 PM org.openqa.selenium.devtools.CdpVersionFinder findNearestMatch
WARNING: Unable to find an exact match for CDP version 120, so returning the closest version found: 116
]]></system-err>
  </testcase>
  <testcase name="runLogin[{password=crmsfa, firstname=Hari, companyname=Testleaf, username=Demosalesmanager, lastname=R}](1)" classname="testcases.Login_TC_01" time="2.204">
    <system-out><![CDATA[{password=crmsfa, firstname=Hari, companyname=Testleaf, username=Demosalesmanager, lastname=R}
{password=crmsfa, firstname=Aravind, companyname=Queagle, username=DemoCSR, lastname=R}
Demosalesmanager
crmsfa
com.aventstack.extentreports.ExtentTest@688d411b
com.aventstack.extentreports.ExtentTest@688d411b
com.aventstack.extentreports.ExtentTest@688d411b
Homepage is verified
]]></system-out>
    <system-err><![CDATA[&amp#27;[32m&amp#27;[1m┌───────────────────────────────────────────────────────────────────────────────────┐&amp#27;[0m
&amp#27;[32m&amp#27;[1m│&amp#27;[0m Share your Cucumber Report with your team at &amp#27;[36m&amp#27;[1m&amp#27;[4mhttps://reports.cucumber.io&amp#27;[0m          &amp#27;[32m&amp#27;[1m│&amp#27;[0m
&amp#27;[32m&amp#27;[1m│&amp#27;[0m Activate publishing with one of the following:                                    &amp#27;[32m&amp#27;[1m│&amp#27;[0m
&amp#27;[32m&amp#27;[1m│&amp#27;[0m                                                                                   &amp#27;[32m&amp#27;[1m│&amp#27;[0m
&amp#27;[32m&amp#27;[1m│&amp#27;[0m src/test/resources/cucumber.properties:          &amp#27;[36mcucumber.publish.enabled&amp#27;[0m=&amp#27;[36mtrue&amp#27;[0m    &amp#27;[32m&amp#27;[1m│&amp#27;[0m
&amp#27;[32m&amp#27;[1m│&amp#27;[0m src/test/resources/junit-platform.properties:    &amp#27;[36mcucumber.publish.enabled&amp#27;[0m=&amp#27;[36mtrue&amp#27;[0m    &amp#27;[32m&amp#27;[1m│&amp#27;[0m
&amp#27;[32m&amp#27;[1m│&amp#27;[0m Environment variable:                            &amp#27;[36mCUCUMBER_PUBLISH_ENABLED&amp#27;[0m=&amp#27;[36mtrue&amp#27;[0m    &amp#27;[32m&amp#27;[1m│&amp#27;[0m
&amp#27;[32m&amp#27;[1m│&amp#27;[0m JUnit:                                           &amp#27;[36m@CucumberOptions&amp#27;[0m(publish = &amp#27;[36mtrue&amp#27;[0m) &amp#27;[32m&amp#27;[1m│&amp#27;[0m
&amp#27;[32m&amp#27;[1m│&amp#27;[0m                                                                                   &amp#27;[32m&amp#27;[1m│&amp#27;[0m
&amp#27;[32m&amp#27;[1m│&amp#27;[0m More information at &amp#27;[36mhttps://cucumber.io/docs/cucumber/environment-variables/&amp#27;[0m      &amp#27;[32m&amp#27;[1m│&amp#27;[0m
&amp#27;[32m&amp#27;[1m│&amp#27;[0m                                                                                   &amp#27;[32m&amp#27;[1m│&amp#27;[0m
&amp#27;[32m&amp#27;[1m│&amp#27;[0m Disable this message with one of the following:                                   &amp#27;[32m&amp#27;[1m│&amp#27;[0m
&amp#27;[32m&amp#27;[1m│&amp#27;[0m                                                                                   &amp#27;[32m&amp#27;[1m│&amp#27;[0m
&amp#27;[32m&amp#27;[1m│&amp#27;[0m src/test/resources/cucumber.properties:          &amp#27;[36mcucumber.publish.quiet&amp#27;[0m=&amp#27;[36mtrue&amp#27;[0m      &amp#27;[32m&amp#27;[1m│&amp#27;[0m
&amp#27;[32m&amp#27;[1m│&amp#27;[0m src/test/resources/junit-platform.properties:    &amp#27;[36mcucumber.publish.quiet&amp#27;[0m=&amp#27;[36mtrue&amp#27;[0m      &amp#27;[32m&amp#27;[1m│&amp#27;[0m
&amp#27;[32m&amp#27;[1m└───────────────────────────────────────────────────────────────────────────────────┘&amp#27;[0m
Dec 13, 2023 1:36:27 PM io.cucumber.core.runtime.FeaturePathFeatureSupplier get
WARNING: No features found at classpath:/testcases
Dec 13, 2023 1:36:27 PM org.openqa.selenium.manager.SeleniumManager lambda$runCommand$1
INFO: Driver path: /home/oem/.cache/selenium/chromedriver/linux64/120.0.6099.71/chromedriver
Dec 13, 2023 1:36:27 PM org.openqa.selenium.manager.SeleniumManager lambda$runCommand$1
INFO: Browser path: /home/oem/.cache/selenium/chrome/linux64/120.0.6099.71/chrome
Dec 13, 2023 1:36:30 PM org.openqa.selenium.devtools.CdpVersionFinder findNearestMatch
WARNING: Unable to find an exact match for CDP version 120, so returning the closest version found: 116
]]></system-err>
  </testcase>
  <testcase name="runLogin[{password=crmsfa, firstname=Aravind, companyname=Queagle, username=DemoCSR, lastname=R}](2)" classname="testcases.Login_TC_01" time="2.361">
    <system-out><![CDATA[DemoCSR
crmsfa
com.aventstack.extentreports.ExtentTest@688d411b
com.aventstack.extentreports.ExtentTest@688d411b
com.aventstack.extentreports.ExtentTest@688d411b
Homepage is verified
]]></system-out>
    <system-err><![CDATA[Dec 13, 2023 1:36:38 PM org.openqa.selenium.manager.SeleniumManager lambda$runCommand$1
INFO: Driver path: /home/oem/.cache/selenium/chromedriver/linux64/120.0.6099.71/chromedriver
Dec 13, 2023 1:36:38 PM org.openqa.selenium.manager.SeleniumManager lambda$runCommand$1
INFO: Browser path: /home/oem/.cache/selenium/chrome/linux64/120.0.6099.71/chrome
Dec 13, 2023 1:36:39 PM org.openqa.selenium.devtools.CdpVersionFinder findNearestMatch
WARNING: Unable to find an exact match for CDP version 120, so returning the closest version found: 116
]]></system-err>
  </testcase>
</testsuite>