<?xml version="1.0" encoding="UTF-8"?>
<!-- Generated by org.testng.reporters.JUnitReportReporter -->
<testsuite hostname="User" failures="0" tests="1" name="CreateIncidentWithFile" time="9.770" errors="0" timestamp="2023-12-20T14:23:56 IST" skipped="0">
  <testcase classname="CreateIncidentWithFile" name="sendPostWithFile" time="9.770"/>
  <system-out/>
</testsuite> <!-- CreateIncidentWithFile -->
