<?xml version="1.0" encoding="UTF-8"?>
<!-- Generated by org.testng.reporters.JUnitReportReporter -->
<testsuite hostname="User" failures="0" tests="1" name="GetRequestWithQueryParam" time="10.428" errors="0" timestamp="2023-12-18T14:38:36 IST" skipped="0">
  <testcase classname="GetRequestWithQueryParam" name="getRequestWithParm" time="10.428"/>
  <system-out/>
</testsuite> <!-- GetRequestWithQueryParam -->
