<?xml version="1.0" encoding="UTF-8"?>
<!-- Generated by org.testng.reporters.JUnitReportReporter -->
<testsuite hostname="User" failures="0" tests="1" name="PutRequest" time="8.396" errors="0" timestamp="2023-12-20T14:09:21 IST" skipped="0">
  <testcase classname="PutRequest" name="sendPutRequest" time="8.396"/>
  <system-out/>
</testsuite> <!-- PutRequest -->
