<?xml version="1.0" encoding="UTF-8"?>
<!-- Generated by org.testng.reporters.JUnitReportReporter -->
<testsuite hostname="User" failures="0" tests="1" name="GetRequest" time="8.824" errors="0" timestamp="2023-12-17T14:05:15 IST" skipped="0">
  <testcase classname="GetRequest" name="sendGetRequest" time="8.824"/>
  <system-out/>
</testsuite> <!-- GetRequest -->
