<?xml version="1.0" encoding="UTF-8"?>
<!-- Generated by org.testng.reporters.JUnitReportReporter -->
<testsuite hostname="User" failures="0" tests="1" name="GetRequestWithXmlResponse" time="10.015" errors="0" timestamp="2023-12-21T13:44:42 IST" skipped="0">
  <testcase classname="GetRequestWithXmlResponse" name="sendGetRequest" time="10.015"/>
  <system-out/>
</testsuite> <!-- GetRequestWithXmlResponse -->
