<?xml version="1.0" encoding="UTF-8"?>
<!-- Generated by org.testng.reporters.JUnitReportReporter -->
<testsuite hostname="User" failures="0" tests="1" name="PatchRequest" time="9.110" errors="0" timestamp="2023-12-20T14:15:52 IST" skipped="0">
  <testcase classname="PatchRequest" name="sendPatchRequest" time="9.110"/>
  <system-out/>
</testsuite> <!-- PatchRequest -->
