<?xml version="1.0" encoding="UTF-8"?>
<!-- Generated by org.testng.reporters.JUnitReportReporter -->
<testsuite hostname="User" failures="0" tests="1" name="CreateAnIncidentWithQueryParm" time="9.083" errors="0" timestamp="2023-12-20T14:04:00 IST" skipped="0">
  <testcase classname="CreateAnIncidentWithQueryParm" name="sendPostRequest" time="9.083"/>
  <system-out/>
</testsuite> <!-- CreateAnIncidentWithQueryParm -->
