<?xml version="1.0" encoding="UTF-8"?>
<!-- Generated by org.testng.reporters.JUnitReportReporter -->
<testsuite hostname="User" failures="0" tests="2" name="testcases.Login_TC_01" time="18.286" errors="0" timestamp="2023-12-12T17:18:22 IST" skipped="0">
  <testcase classname="testcases.Login_TC_01" name="runLogin" time="8.075"/>
  <system-out/>
  <testcase classname="testcases.Login_TC_01" name="runLogin" time="10.211"/>
  <system-out/>
</testsuite> <!-- testcases.Login_TC_01 -->
