<?xml version="1.0" encoding="UTF-8"?>
<!-- Generated by org.testng.reporters.JUnitReportReporter -->
<testsuite hostname="User" failures="0" tests="4" name="testcases.Create_Lead_01" time="155.899" errors="0" timestamp="2023-12-24T19:43:54 IST" skipped="0">
  <testcase classname="testcases.Create_Lead_01" name="runCreateLead" time="46.591"/>
  <system-out/>
  <testcase classname="testcases.Create_Lead_01" name="runCreateLead" time="32.054"/>
  <system-out/>
  <testcase classname="testcases.Create_Lead_01" name="runCreateLead" time="41.049"/>
  <system-out/>
  <testcase classname="testcases.Create_Lead_01" name="runCreateLead" time="36.205"/>
  <system-out/>
</testsuite> <!-- testcases.Create_Lead_01 -->
