<?xml version="1.0" encoding="UTF-8"?>
<!-- Generated by org.testng.reporters.JUnitReportReporter -->
<testsuite hostname="User" failures="0" tests="2" name="testcases.Create_Lead_01" time="100.030" errors="0" timestamp="2023-12-13T13:36:47 IST" skipped="0">
  <testcase classname="testcases.Create_Lead_01" name="runCreateLead" time="45.216"/>
  <system-out/>
  <testcase classname="testcases.Create_Lead_01" name="runCreateLead" time="54.814"/>
  <system-out/>
</testsuite> <!-- testcases.Create_Lead_01 -->
