<?xml version="1.0" encoding="UTF-8"?>
<!-- Generated by org.testng.reporters.JUnitReportReporter -->
<testsuite hostname="User" failures="0" tests="2" name="testcases.Login_TC_01" time="19.083" errors="0" timestamp="2023-12-13T13:36:47 IST" skipped="0">
  <testcase classname="testcases.Login_TC_01" name="runLogin" time="8.684"/>
  <system-out/>
  <testcase classname="testcases.Login_TC_01" name="runLogin" time="10.399"/>
  <system-out/>
</testsuite> <!-- testcases.Login_TC_01 -->
