<?xml version="1.0" encoding="UTF-8"?>
<!-- Generated by org.testng.reporters.JUnitReportReporter -->
<testsuite hostname="User" failures="0" tests="1" name="runner.RunnerClass" time="11.864" errors="0" timestamp="2023-11-23T19:41:34 IST" skipped="0">
  <testcase classname="runner.RunnerClass" name="runScenario" time="11.864"/>
  <system-out/>
</testsuite> <!-- runner.RunnerClass -->
