<?xml version="1.0" encoding="UTF-8"?>
<!-- Generated by org.testng.reporters.JUnitReportReporter -->
<testsuite hostname="User" failures="0" tests="4" name="testcases.Login_TC_01" time="38.501" errors="0" timestamp="2023-12-24T19:43:54 IST" skipped="0">
  <testcase classname="testcases.Login_TC_01" name="runLogin" time="8.747"/>
  <system-out/>
  <testcase classname="testcases.Login_TC_01" name="runLogin" time="10.307"/>
  <system-out/>
  <testcase classname="testcases.Login_TC_01" name="runLogin" time="10.429"/>
  <system-out/>
  <testcase classname="testcases.Login_TC_01" name="runLogin" time="9.018"/>
  <system-out/>
</testsuite> <!-- testcases.Login_TC_01 -->
